<?xml version="1.0" encoding="UTF-8"?>
<!-- Generated by org.testng.reporters.JUnitReportReporter -->
<testsuite hostname="HP-LAPTOP" failures="0" tests="1" name="Practice.PracticeFrameWork.StandAloneTest" time="8.365" errors="0" timestamp="2024-07-03T01:08:19 IST" skipped="0">
  <testcase classname="Practice.PracticeFrameWork.StandAloneTest" name="submitOrder" time="8.365"/>
  <system-out/>
</testsuite> <!-- Practice.PracticeFrameWork.StandAloneTest -->
