<?xml version="1.0" encoding="UTF-8"?>
<!-- Generated by org.testng.reporters.JUnitReportReporter -->
<testsuite hostname="HP-LAPTOP" failures="0" tests="3" name="PracticeFrameWork.Tests.StandAloneTest" time="18.240" errors="0" timestamp="2024-07-11T16:00:24 IST" skipped="0">
  <testcase classname="PracticeFrameWork.Tests.StandAloneTest" name="submitOrder" time="7.012"/>
  <system-out/>
  <testcase classname="PracticeFrameWork.Tests.StandAloneTest" name="submitOrder" time="7.113"/>
  <system-out/>
  <testcase classname="PracticeFrameWork.Tests.StandAloneTest" name="OrderHistoryTest" time="4.115"/>
  <system-out/>
</testsuite> <!-- PracticeFrameWork.Tests.StandAloneTest -->
