<?xml version="1.0" encoding="UTF-8"?>
<!-- Generated by org.testng.reporters.JUnitReportReporter -->
<testsuite hostname="HP-LAPTOP" failures="0" tests="1" name="Practice.PracticeFrameWork.ErrorValidations" time="7.339" errors="0" timestamp="2024-07-03T01:36:07 IST" skipped="0">
  <testcase classname="Practice.PracticeFrameWork.ErrorValidations" name="submitOrder" time="7.339"/>
  <system-out/>
</testsuite> <!-- Practice.PracticeFrameWork.ErrorValidations -->
