<?xml version="1.0" encoding="UTF-8"?>
<!-- Generated by org.testng.reporters.JUnitReportReporter -->
<testsuite hostname="HP-LAPTOP" failures="0" tests="2" name="PracticeFrameWork.Tests.StandAloneTest" time="15.314" errors="0" timestamp="2024-07-11T17:13:59 IST" skipped="0">
  <testcase classname="PracticeFrameWork.Tests.StandAloneTest" name="submitOrder" time="7.871"/>
  <testcase classname="PracticeFrameWork.Tests.StandAloneTest" name="submitOrder" time="7.443"/>
</testsuite> <!-- PracticeFrameWork.Tests.StandAloneTest -->
